<?xml version="1.0" encoding="UTF-8"?>
<testsuites name="jest tests" tests="1" failures="0" errors="0" time="1.69">
  <testsuite name="TOUR CREATE" errors="0" failures="0" skipped="0" timestamp="2025-05-13T21:58:44" time="1.538" tests="1">
    <testcase classname="TOUR CREATE should create tour successfully" name="TOUR CREATE should create tour successfully" time="0.044">
    </testcase>
  </testsuite>
</testsuites>