<?xml version="1.0" encoding="UTF-8"?>
<testsuites name="jest tests" tests="2" failures="0" errors="0" time="2.066">
  <testsuite name="USER UPDATE - /users/updateMe" errors="0" failures="0" skipped="0" timestamp="2025-05-02T04:15:36" time="1.909" tests="2">
    <testcase classname="USER UPDATE - /users/updateMe Should update user&apos;s photo" name="USER UPDATE - /users/updateMe Should update user&apos;s photo" time="0.042">
    </testcase>
    <testcase classname="USER UPDATE - /users/updateMe Should update user&apos;s name" name="USER UPDATE - /users/updateMe Should update user&apos;s name" time="0.032">
    </testcase>
  </testsuite>
</testsuites>