<?xml version="1.0" encoding="UTF-8"?>
<testsuites name="jest tests" tests="9" failures="1" errors="0" time="2.091">
  <testsuite name="USER UPDATE - /users/updateMe" errors="0" failures="1" skipped="8" timestamp="2025-05-08T04:24:55" time="1.929" tests="9">
    <testcase classname="USER UPDATE - /users/updateMe Should update user&apos;s photo" name="USER UPDATE - /users/updateMe Should update user&apos;s photo" time="0">
      <skipped/>
    </testcase>
    <testcase classname="USER UPDATE - /users/updateMe Should update user&apos;s name" name="USER UPDATE - /users/updateMe Should update user&apos;s name" time="0">
      <skipped/>
    </testcase>
    <testcase classname="USER UPDATE - /users/updateMe Should reject password update via updateMe route" name="USER UPDATE - /users/updateMe Should reject password update via updateMe route" time="0">
      <skipped/>
    </testcase>
    <testcase classname="USER UPDATE - /users/updateMe Should reject updates without a token" name="USER UPDATE - /users/updateMe Should reject updates without a token" time="0">
      <skipped/>
    </testcase>
    <testcase classname="USER UPDATE - /users/updateMe Should reject invalid email format" name="USER UPDATE - /users/updateMe Should reject invalid email format" time="0">
      <skipped/>
    </testcase>
    <testcase classname="USER UPDATE - /users/updateMe Should reject empty request body" name="USER UPDATE - /users/updateMe Should reject empty request body" time="0">
      <skipped/>
    </testcase>
    <testcase classname="USER UPDATE - /users/updateMe Should reject unauthorized field updates(role, reset token" name="USER UPDATE - /users/updateMe Should reject unauthorized field updates(role, reset token" time="0.049">
      <failure>Error: expect(received).toBe(expected) // Object.is equality

Expected: &quot;user&quot;
Received: &quot;admin&quot;
    at /Users/karinagrosnikova/Code/APIREST/apiAutomation/src/tests/user_update.spec.ts:103:61
    at Generator.next (&lt;anonymous&gt;)
    at fulfilled (/Users/karinagrosnikova/Code/APIREST/apiAutomation/src/tests/user_update.spec.ts:5:58)
    at processTicksAndRejections (node:internal/process/task_queues:105:5)</failure>
    </testcase>
    <testcase classname="USER UPDATE - /users/updateMe Should reject requests with an invalid token" name="USER UPDATE - /users/updateMe Should reject requests with an invalid token" time="0">
      <skipped/>
    </testcase>
    <testcase classname="USER UPDATE - /users/updateMe Should successfully update user name and email and the user can login" name="USER UPDATE - /users/updateMe Should successfully update user name and email and the user can login" time="0">
      <skipped/>
    </testcase>
  </testsuite>
</testsuites>